<?xml version="1.0" encoding="UTF-8"?>
<testsuites>
  <testsuite name="Application" tests="14" assertions="60" failures="0" errors="0" time="0.523869">
    <testsuite name="ApplicationTest\View\Helper\Table\Column\AbstractColumnTest" file="/var/www/dev/ZendSkeletonApplication/module/Application/tests/ApplicationTest/View/Helper/Table/Column/AbstractColumnTest.php" tests="3" assertions="6" failures="0" errors="0" time="0.084930">
      <testcase name="testSetGetTitle" class="ApplicationTest\View\Helper\Table\Column\AbstractColumnTest" file="/var/www/dev/ZendSkeletonApplication/module/Application/tests/ApplicationTest/View/Helper/Table/Column/AbstractColumnTest.php" line="34" assertions="2" time="0.017410"/>
      <testcase name="testSetGetValueKey" class="ApplicationTest\View\Helper\Table\Column\AbstractColumnTest" file="/var/www/dev/ZendSkeletonApplication/module/Application/tests/ApplicationTest/View/Helper/Table/Column/AbstractColumnTest.php" line="44" assertions="2" time="0.003643"/>
      <testcase name="testSetOptions" class="ApplicationTest\View\Helper\Table\Column\AbstractColumnTest" file="/var/www/dev/ZendSkeletonApplication/module/Application/tests/ApplicationTest/View/Helper/Table/Column/AbstractColumnTest.php" line="54" assertions="2" time="0.063877"/>
    </testsuite>
    <testsuite name="ApplicationTest\View\Helper\Table\Column\TextTest" file="/var/www/dev/ZendSkeletonApplication/module/Application/tests/ApplicationTest/View/Helper/Table/Column/TextTest.php" tests="1" assertions="1" failures="0" errors="0" time="0.002922">
      <testcase name="testRender" class="ApplicationTest\View\Helper\Table\Column\TextTest" file="/var/www/dev/ZendSkeletonApplication/module/Application/tests/ApplicationTest/View/Helper/Table/Column/TextTest.php" line="36" assertions="1" time="0.002922"/>
    </testsuite>
    <testsuite name="ApplicationTest\View\Helper\Table\TableTest" file="/var/www/dev/ZendSkeletonApplication/module/Application/tests/ApplicationTest/View/Helper/Table/TableTest.php" tests="10" assertions="53" failures="0" errors="0" time="0.436017">
      <testcase name="testGetSetData" class="ApplicationTest\View\Helper\Table\TableTest" file="/var/www/dev/ZendSkeletonApplication/module/Application/tests/ApplicationTest/View/Helper/Table/TableTest.php" line="36" assertions="2" time="0.007551"/>
      <testcase name="testAddColumnFromArray" class="ApplicationTest\View\Helper\Table\TableTest" file="/var/www/dev/ZendSkeletonApplication/module/Application/tests/ApplicationTest/View/Helper/Table/TableTest.php" line="49" assertions="3" time="0.032015"/>
      <testcase name="testAddColumnFromColumn" class="ApplicationTest\View\Helper\Table\TableTest" file="/var/www/dev/ZendSkeletonApplication/module/Application/tests/ApplicationTest/View/Helper/Table/TableTest.php" line="80" assertions="3" time="0.006046"/>
      <testcase name="testColumnException" class="ApplicationTest\View\Helper\Table\TableTest" file="/var/www/dev/ZendSkeletonApplication/module/Application/tests/ApplicationTest/View/Helper/Table/TableTest.php" line="97" assertions="1" time="0.004665"/>
      <testcase name="testAddColumns" class="ApplicationTest\View\Helper\Table\TableTest" file="/var/www/dev/ZendSkeletonApplication/module/Application/tests/ApplicationTest/View/Helper/Table/TableTest.php" line="110" assertions="2" time="0.043982"/>
      <testcase name="testAddColumnsException" class="ApplicationTest\View\Helper\Table\TableTest" file="/var/www/dev/ZendSkeletonApplication/module/Application/tests/ApplicationTest/View/Helper/Table/TableTest.php" line="142" assertions="1" time="0.002811"/>
      <testcase name="testColumnFactory" class="ApplicationTest\View\Helper\Table\TableTest" file="/var/www/dev/ZendSkeletonApplication/module/Application/tests/ApplicationTest/View/Helper/Table/TableTest.php" line="151" assertions="5" time="0.082806"/>
      <testcase name="testColumnFactoryException" class="ApplicationTest\View\Helper\Table\TableTest" file="/var/www/dev/ZendSkeletonApplication/module/Application/tests/ApplicationTest/View/Helper/Table/TableTest.php" line="185" assertions="1" time="0.003241"/>
      <testcase name="testRender" class="ApplicationTest\View\Helper\Table\TableTest" file="/var/www/dev/ZendSkeletonApplication/module/Application/tests/ApplicationTest/View/Helper/Table/TableTest.php" line="194" assertions="33" time="0.240651"/>
      <testcase name="testToString" class="ApplicationTest\View\Helper\Table\TableTest" file="/var/www/dev/ZendSkeletonApplication/module/Application/tests/ApplicationTest/View/Helper/Table/TableTest.php" line="323" assertions="2" time="0.012249"/>
    </testsuite>
  </testsuite>
</testsuites>
